c:\qt5.3.1\projects\kryptaeditorqt\debug\vc120.pdb
c:\qt5.3.1\projects\kryptaeditorqt\debug\moc_savedialog.obj
c:\qt5.3.1\projects\kryptaeditorqt\debug\moc_prjsetupdialog.obj
c:\qt5.3.1\projects\kryptaeditorqt\debug\moc_objectaction.obj
c:\qt5.3.1\projects\kryptaeditorqt\debug\moc_itemmanagerdialog.obj
c:\qt5.3.1\projects\kryptaeditorqt\debug\moc_csdialog.obj
c:\qt5.3.1\projects\kryptaeditorqt\debug\moc_clickablelabel.obj
c:\qt5.3.1\projects\kryptaeditorqt\debug\moc_audiomanagerdialog.obj
c:\qt5.3.1\projects\kryptaeditorqt\debug\objectaction.obj
c:\qt5.3.1\projects\kryptaeditorqt\debug\csdialog.obj
c:\qt5.3.1\projects\kryptaeditorqt\debug\clickablelabel.obj
c:\qt5.3.1\projects\kryptaeditorqt\debug\objectlistitem.obj
c:\qt5.3.1\projects\kryptaeditorqt\debug\savedialog.obj
c:\qt5.3.1\projects\kryptaeditorqt\generatedfiles\debug\moc_animmanagerdialog.cpp
c:\qt5.3.1\projects\kryptaeditorqt\generatedfiles\ui_animmanagerdialog.h
c:\qt5.3.1\projects\kryptaeditorqt\generatedfiles\debug\moc_audiomanagerdialog.cpp
c:\qt5.3.1\projects\kryptaeditorqt\generatedfiles\debug\moc_animationsetupwidget.cpp
c:\qt5.3.1\projects\kryptaeditorqt\generatedfiles\debug\moc_itemmanagerdialog.cpp
c:\qt5.3.1\projects\kryptaeditorqt\generatedfiles\debug\moc_savedialog.cpp
c:\qt5.3.1\projects\kryptaeditorqt\generatedfiles\debug\moc_prjsetupdialog.cpp
c:\qt5.3.1\projects\kryptaeditorqt\generatedfiles\debug\moc_prjsettingsdialog.cpp
c:\qt5.3.1\projects\kryptaeditorqt\generatedfiles\debug\moc_pivotview.cpp
c:\qt5.3.1\projects\kryptaeditorqt\generatedfiles\debug\moc_objectaction.cpp
c:\qt5.3.1\projects\kryptaeditorqt\generatedfiles\debug\moc_mainwindow.cpp
c:\qt5.3.1\projects\kryptaeditorqt\generatedfiles\debug\moc_layerbrowserdialog.cpp
c:\qt5.3.1\projects\kryptaeditorqt\generatedfiles\debug\moc_glpanel.cpp
c:\qt5.3.1\projects\kryptaeditorqt\generatedfiles\debug\moc_envbrowserdialog.cpp
c:\qt5.3.1\projects\kryptaeditorqt\generatedfiles\debug\moc_entbrowserdialog.cpp
c:\qt5.3.1\projects\kryptaeditorqt\generatedfiles\debug\moc_csdialog.cpp
c:\qt5.3.1\projects\kryptaeditorqt\generatedfiles\debug\moc_configdialog.cpp
c:\qt5.3.1\projects\kryptaeditorqt\generatedfiles\debug\moc_clickablelabel.cpp
c:\qt5.3.1\projects\kryptaeditorqt\generatedfiles\ui_configdialog.h
c:\qt5.3.1\projects\kryptaeditorqt\generatedfiles\ui_entbrowserdialog.h
c:\qt5.3.1\projects\kryptaeditorqt\generatedfiles\ui_envbrowserdialog.h
c:\qt5.3.1\projects\kryptaeditorqt\generatedfiles\ui_animationsetupwidget.h
c:\qt5.3.1\projects\kryptaeditorqt\generatedfiles\ui_audiomanagerdialog.h
c:\qt5.3.1\projects\kryptaeditorqt\generatedfiles\ui_itemmanagerdialog.h
c:\qt5.3.1\projects\kryptaeditorqt\generatedfiles\ui_layerbrowserdialog.h
c:\qt5.3.1\projects\kryptaeditorqt\generatedfiles\ui_mainwindow.h
c:\qt5.3.1\projects\kryptaeditorqt\generatedfiles\ui_objectsettingsdialog.h
c:\qt5.3.1\projects\kryptaeditorqt\generatedfiles\ui_prjsettingsdialog.h
c:\qt5.3.1\projects\kryptaeditorqt\generatedfiles\ui_prjsetupdialog.h
c:\qt5.3.1\projects\kryptaeditorqt\generatedfiles\ui_savedialog.h
c:\qt5.3.1\projects\kryptaeditorqt\debug\kryptaeditorqt.tlog\cl.command.1.tlog
c:\qt5.3.1\projects\kryptaeditorqt\debug\kryptaeditorqt.tlog\cl.read.1.tlog
c:\qt5.3.1\projects\kryptaeditorqt\debug\kryptaeditorqt.tlog\cl.write.1.tlog
c:\qt5.3.1\projects\kryptaeditorqt\debug\kryptaeditorqt.tlog\custombuild.command.1.tlog
c:\qt5.3.1\projects\kryptaeditorqt\debug\kryptaeditorqt.tlog\custombuild.read.1.tlog
c:\qt5.3.1\projects\kryptaeditorqt\debug\kryptaeditorqt.tlog\custombuild.write.1.tlog
